<?xml version="1.0" encoding="UTF-8"?>
<!-- Generated by org.testng.reporters.JUnitReportReporter -->
<testsuite hostname="Nancy" failures="0" tests="3" name="rahulshettyacademy.pageobjects.Submitorderproject" time="60.621" errors="0" timestamp="2024-05-06T11:47:41 IST" skipped="0">
  <testcase classname="rahulshettyacademy.pageobjects.Submitorderproject" name="submitOrder" time="24.597"/>
  <system-out/>
  <testcase classname="rahulshettyacademy.pageobjects.Submitorderproject" name="submitOrder" time="24.043"/>
  <system-out/>
  <testcase classname="rahulshettyacademy.pageobjects.Submitorderproject" name="OrderHistoryTest" time="11.981"/>
  <system-out/>
</testsuite> <!-- rahulshettyacademy.pageobjects.Submitorderproject -->
